Active-HDL 15.0.261.9132 2024-08-05 11:09:02

Elaboration top modules:
Architecture                  testbench(avr_cpu_tb)


-------------------------------------------------------------------------------------------------------
Entity               | Architecture | Library | Info | Compiler Version          | Compilation Options
-------------------------------------------------------------------------------------------------------
avr_cpu_tb           | testbench    | avrcpu  |      | 15.0.261.9132 (Windows64) | -O3 -2008
avr_cpu              | structural   | avrcpu  |      | 15.0.261.9132 (Windows64) | -O3 -2008
program_counter      | behavorial   | avrcpu  |      | 15.0.261.9132 (Windows64) | -O3 -2008
flash_pm_memory      | behavorial   | avrcpu  |      | 15.0.261.9132 (Windows64) | -O3 -2008
instruction_register | behavorial   | avrcpu  |      | 15.0.261.9132 (Windows64) | -O3 -2008
control_logic        | moore_fsm    | avrcpu  |      | 15.0.261.9132 (Windows64) | -O3 -2008
register_file        | behavioral   | avrcpu  |      | 15.0.261.9132 (Windows64) | -O3 -2008
mux                  | behavioral   | avrcpu  |      | 15.0.261.9132 (Windows64) | -O3 -2008
alu                  | behavorial   | avrcpu  |      | 15.0.261.9132 (Windows64) | -O3 -2008
datamem              | behavioral   | avrcpu  |      | 15.0.261.9132 (Windows64) | -O3 -2008
incdec               | behavioral   | avrcpu  |      | 15.0.261.9132 (Windows64) | -O3 -2008
branch_en            | dataflow     | avrcpu  |      | 15.0.261.9132 (Windows64) | -O3 -2008
write_back           | wb_stage     | avrcpu  |      | 15.0.261.9132 (Windows64) | -O3 -2008
retlatch             | behavioral   | avrcpu  |      | 15.0.261.9132 (Windows64) | -O3 -2008
new_pc               | behavioral   | avrcpu  |      | 15.0.261.9132 (Windows64) | -O3 -2008
-------------------------------------------------------------------------------------------------------

-------------------------------------------------------------------------------------------------------
VHDL Package                        | Library | Info | Compiler Version          | Compilation Options
-------------------------------------------------------------------------------------------------------
standard                            | std     |      |                           | <unavailable>
TEXTIO                              | std     |      | 15.0.261.9132 (Windows64) |  -2019
std_logic_1164                      | ieee    |      | 15.0.261.9132 (Windows64) |  -2008
ENV                                 | std     |      | 15.0.261.9132 (Windows64) |  -2019
NUMERIC_STD                         | ieee    |      | 15.0.261.9132 (Windows64) |  -2008
functions                           | avrcpu  |      | 15.0.261.9132 (Windows64) | -O3 -2008
-------------------------------------------------------------------------------------------------------

-------------------------------------------------------------------------------------------------------
Library                             | Comment
-------------------------------------------------------------------------------------------------------
avrcpu                              | None
ieee                                | Standard IEEE packages library
std                                 | Standard VHDL library
-------------------------------------------------------------------------------------------------------
